Arguments: 
  /usr/bin/node /usr/bin/yarn add express esj esm express-ejs-layouts

PATH: 
  /usr/local/sbin:/usr/local/bin:/usr/sbin:/usr/bin:/sbin:/bin:/usr/games:/usr/local/games:/usr/lib/wsl/lib:/mnt/c/Program Files (x86)/Common Files/Oracle/Java/javapath:/mnt/c/WINDOWS/system32:/mnt/c/WINDOWS:/mnt/c/WINDOWS/System32/Wbem:/mnt/c/WINDOWS/System32/WindowsPowerShell/v1.0/:/mnt/c/WINDOWS/System32/OpenSSH/:/mnt/c/Program Files/Git/cmd:/mnt/c/Program Files/Docker/Docker/resources/bin:/mnt/c/Users/Pintu/scoop/apps/gcc/current/bin:/mnt/c/Users/Pintu/scoop/apps/oh-my-posh/current/bin:/mnt/c/Users/Pintu/scoop/apps/nvm/current/nodejs/nodejs:/mnt/c/Users/Pintu/scoop/shims:/mnt/c/Users/Pintu/AppData/Local/Microsoft/WindowsApps:/mnt/c/Users/Pintu/AppData/Local/Programs/oh-my-posh/bin:/mnt/c/Users/Pintu/AppData/Local/Programs/Microsoft VS Code/bin:/mnt/c/Users/Pintu/AppData/Local/Microsoft/WindowsApps:/mnt/c/Users/Pintu/AppData/Local/Programs/Hyper/resources/bin

Yarn version: 
  1.22.19

Node version: 
  16.17.0

Platform: 
  linux x64

Trace: 
  Error: https://registry.yarnpkg.com/esj: Not found
      at Request.params.callback [as _callback] (/usr/lib/node_modules/yarn/lib/cli.js:66145:18)
      at Request.self.callback (/usr/lib/node_modules/yarn/lib/cli.js:140890:22)
      at Request.emit (node:events:513:28)
      at Request.<anonymous> (/usr/lib/node_modules/yarn/lib/cli.js:141862:10)
      at Request.emit (node:events:513:28)
      at IncomingMessage.<anonymous> (/usr/lib/node_modules/yarn/lib/cli.js:141784:12)
      at Object.onceWrapper (node:events:627:28)
      at IncomingMessage.emit (node:events:525:35)
      at endReadableNT (node:internal/streams/readable:1358:12)
      at processTicksAndRejections (node:internal/process/task_queues:83:21)

npm manifest: 
  {
    "name": "pizza-hub",
    "version": "1.0.0",
    "main": "index.js",
    "license": "MIT"
  }

yarn manifest: 
  No manifest

Lockfile: 
  No lockfile
